<?xml version="1.0" encoding="UTF-8"?>
<!-- Generated by org.testng.reporters.JUnitReportReporter -->
<testsuite hostname="Techs-iMac.local.tld" failures="0" tests="4" name="scripts._03_EtsyTest" time="37.498" errors="0" timestamp="2022-06-02T20:40:34 CDT" skipped="0">
  <testcase classname="scripts._03_EtsyTest" name="testEtsyLogo" time="8.526"/>
  <system-out/>
  <testcase classname="scripts._03_EtsyTest" name="testEtsySearchResult" time="12.200"/>
  <system-out/>
  <testcase classname="scripts._03_EtsyTest" name="testEtsySearch" time="8.231"/>
  <system-out/>
  <testcase classname="scripts._03_EtsyTest" name="testMainHeader" time="8.541"/>
  <system-out/>
</testsuite> <!-- scripts._03_EtsyTest -->
