<?xml version="1.0" encoding="UTF-8"?>
<!-- Generated by org.testng.reporters.JUnitReportReporter -->
<testsuite hostname="Techs-iMac.local.tld" failures="0" tests="1" name="scripts._06_RadioButtonTest" time="14.891" errors="0" timestamp="2022-05-29T15:42:40 CDT" skipped="0">
  <testcase classname="scripts._06_RadioButtonTest" name="testFacebookGenderRadioButtons" time="14.891"/>
  <system-out/>
</testsuite> <!-- scripts._06_RadioButtonTest -->
