<?xml version="1.0" encoding="UTF-8"?>
<!-- Generated by org.testng.reporters.JUnitReportReporter -->
<testsuite hostname="Techs-iMac.local.tld" failures="0" tests="2" name="scripts._11_FileUpload" time="23.154" errors="0" timestamp="2022-06-11T14:42:24 CDT" skipped="0">
  <testcase classname="scripts._11_FileUpload" name="testFileUpload1" time="14.649"/>
  <system-out/>
  <testcase classname="scripts._11_FileUpload" name="testFileDownload" time="8.505"/>
  <system-out/>
</testsuite> <!-- scripts._11_FileUpload -->
