<?xml version="1.0" encoding="UTF-8"?>
<!-- Generated by org.testng.reporters.JUnitReportReporter -->
<testsuite hostname="Techs-iMac.local.tld" failures="0" tests="1" name="scripts._03_EtsyTest" time="8.611" errors="0" timestamp="2022-06-02T19:38:29 CDT" skipped="0">
  <testcase classname="scripts._03_EtsyTest" name="testMainHeader" time="8.611"/>
  <system-out/>
</testsuite> <!-- scripts._03_EtsyTest -->
