<?xml version="1.0" encoding="UTF-8"?>
<!-- Generated by org.testng.reporters.JUnitReportReporter -->
<testsuite hostname="Techs-iMac.local.tld" failures="0" tests="5" name="scripts._08_Alerts" time="82.599" errors="0" timestamp="2022-06-11T14:42:24 CDT" skipped="0">
  <testcase classname="scripts._08_Alerts" name="testEtsySignInModal" time="10.277"/>
  <system-out/>
  <testcase classname="scripts._08_Alerts" name="testInformationWarningAlert" time="7.258"/>
  <system-out/>
  <testcase classname="scripts._08_Alerts" name="testConfirmationAlert" time="22.093"/>
  <system-out/>
  <testcase classname="scripts._08_Alerts" name="testPromptAlert" time="20.832"/>
  <system-out/>
  <testcase classname="scripts._08_Alerts" name="testAmazonAddressModal" time="22.139"/>
  <system-out/>
</testsuite> <!-- scripts._08_Alerts -->
