<?xml version="1.0" encoding="UTF-8"?>
<!-- Generated by org.testng.reporters.JUnitReportReporter -->
<testsuite hostname="Techs-iMac.local.tld" failures="0" tests="2" name="scripts._04_GoogleSearchTest" time="17.830" errors="0" timestamp="2022-06-02T20:40:34 CDT" skipped="0">
  <testcase classname="scripts._04_GoogleSearchTest" name="testGoogleSearch" time="9.350"/>
  <system-out/>
  <testcase classname="scripts._04_GoogleSearchTest" name="testGoogleStoreLink" time="8.480"/>
  <system-out/>
</testsuite> <!-- scripts._04_GoogleSearchTest -->
