<?xml version="1.0" encoding="UTF-8"?>
<!-- Generated by org.testng.reporters.JUnitReportReporter -->
<testsuite hostname="Techs-iMac.local.tld" failures="0" tests="2" name="scripts._10_WindowHandles" time="15.048" errors="0" timestamp="2022-06-11T14:42:24 CDT" skipped="0">
  <testcase classname="scripts._10_WindowHandles" name="testTechGlobalSchoolFaceBookIcon" time="7.947"/>
  <system-out/>
  <testcase classname="scripts._10_WindowHandles" name="testWindowHandle2" time="7.101"/>
  <system-out/>
</testsuite> <!-- scripts._10_WindowHandles -->
