<?xml version="1.0" encoding="UTF-8"?>
<!-- Generated by org.testng.reporters.JUnitReportReporter -->
<testsuite hostname="Techs-iMac.local.tld" failures="0" tests="1" name="scripts._02_TechGlobalTest" time="6.761" errors="0" timestamp="2022-06-02T20:40:34 CDT" skipped="0">
  <testcase classname="scripts._02_TechGlobalTest" name="testApplicationFormHeading" time="6.761"/>
  <system-out/>
</testsuite> <!-- scripts._02_TechGlobalTest -->
