<?xml version="1.0" encoding="UTF-8"?>
<!-- Generated by org.testng.reporters.JUnitReportReporter -->
<testsuite hostname="Techs-iMac.local.tld" failures="0" tests="7" name="scripts._12_Actions_Class" time="74.429" errors="0" timestamp="2022-06-11T14:42:24 CDT" skipped="0">
  <testcase classname="scripts._12_Actions_Class" name="moveToElementPractice1" time="10.740"/>
  <system-out/>
  <testcase classname="scripts._12_Actions_Class" name="moveToElementPractice2" time="18.385"/>
  <system-out/>
  <testcase classname="scripts._12_Actions_Class" name="clickOnElementPractice" time="8.863"/>
  <system-out/>
  <testcase classname="scripts._12_Actions_Class" name="rightClickPractice" time="6.741"/>
  <system-out/>
  <testcase classname="scripts._12_Actions_Class" name="clickHoldAndReleasePractice" time="8.030"/>
  <system-out/>
  <testcase classname="scripts._12_Actions_Class" name="sendKeysToAnElement" time="6.781"/>
  <system-out/>
  <testcase classname="scripts._12_Actions_Class" name="practiceKeyDownAndKeyUp" time="14.889"/>
  <system-out/>
</testsuite> <!-- scripts._12_Actions_Class -->
