<?xml version="1.0" encoding="UTF-8"?>
<!-- Generated by org.testng.reporters.JUnitReportReporter -->
<testsuite hostname="Techs-iMac.local.tld" failures="0" tests="2" name="scripts._01_AppleTest" time="8.167" errors="0" timestamp="2022-05-29T15:42:40 CDT" skipped="1">
  <testcase classname="scripts._01_AppleTest" name="testAppleURL" time="8.167"/>
  <system-out/>
  <testcase classname="scripts._01_AppleTest" name="X">
    <skipped/>
  </testcase> <!-- X -->
  <system-out/>
</testsuite> <!-- scripts._01_AppleTest -->
