<?xml version="1.0" encoding="UTF-8"?>
<!-- Generated by org.testng.reporters.JUnitReportReporter -->
<testsuite hostname="Techs-iMac.local.tld" failures="0" tests="1" name="scripts._06_RadioButtonTest" time="14.873" errors="0" timestamp="2022-06-02T20:40:34 CDT" skipped="0">
  <testcase classname="scripts._06_RadioButtonTest" name="testFacebookGenderRadioButtons" time="14.873"/>
  <system-out/>
</testsuite> <!-- scripts._06_RadioButtonTest -->
