<?xml version="1.0" encoding="UTF-8"?>
<!-- Generated by org.testng.reporters.JUnitReportReporter -->
<testsuite hostname="Techs-iMac.local.tld" failures="0" tests="2" name="scripts._09_IFrames" time="36.714" errors="0" timestamp="2022-06-11T14:42:24 CDT" skipped="0">
  <testcase classname="scripts._09_IFrames" name="testIFrame1" time="29.072"/>
  <system-out/>
  <testcase classname="scripts._09_IFrames" name="testIFrame2" time="7.642"/>
  <system-out/>
</testsuite> <!-- scripts._09_IFrames -->
