<?xml version="1.0" encoding="UTF-8"?>
<!-- Generated by org.testng.reporters.JUnitReportReporter -->
<testsuite hostname="Techs-iMac.local.tld" failures="0" tests="1" name="scripts._02_TechGlobalTest" time="5.530" errors="0" timestamp="2022-05-22T15:59:23 CDT" skipped="0">
  <testcase classname="scripts._02_TechGlobalTest" name="testApplicationFormHeading" time="5.530"/>
  <system-out/>
</testsuite> <!-- scripts._02_TechGlobalTest -->
